<?xml version="1.0" encoding="UTF-8"?>
<!-- Generated by org.testng.reporters.JUnitReportReporter -->
<testsuite skipped="0" hostname="DESKTOP-I4QDLMG" name="com.demo.testcases.MamacitaCartTest" tests="1" failures="0" timestamp="07 Aug 2019 12:03:48 GMT" time="28.492" errors="0">
  <testcase name="mamacitaAddtoCart" time="28.492" classname="com.demo.testcases.MamacitaCartTest"/>
</testsuite> <!-- com.demo.testcases.MamacitaCartTest -->
