<?xml version="1.0" encoding="UTF-8"?>
<!-- Generated by org.testng.reporters.JUnitReportReporter -->
<testsuite skipped="0" hostname="DESKTOP-I4QDLMG" name="com.demo.testcases.AddToCartTest" tests="1" failures="0" timestamp="07 Aug 2019 11:22:27 GMT" time="35.413" errors="0">
  <testcase name="addToCartFromMamacita" time="35.413" classname="com.demo.testcases.AddToCartTest"/>
</testsuite> <!-- com.demo.testcases.AddToCartTest -->
